[www.tarjetas.cool/modelos/cumple/toy_story/index.html]
[cdn.jsdelivr.net/npm/bootstrap@5.1.3/dist/css/bootstrap.min.css]
[backblue.gif]
[fade.gif]
[index.html]
[cdn.jsdelivr.net/npm/bootstrap-icons@1.9.1/font/bootstrap-icons.css]
[www.tarjetas.cool/modelos/cumple/toy_story/css/styles3860.css]
[www.tarjetas.cool/favicon-32x32.png]
[www.tarjetas.cool/favicon-16x16.png]
[www.tarjetas.cool/modelos/cumple/toy_story/img/logo_animado.gif]
[www.tarjetas.cool/modelos/cumple/toy_story/img/1.png]
[www.tarjetas.cool/modelos/cumple/toy_story/img/foto1.png]
[www.tarjetas.cool/modelos/cumple/toy_story/sounds/audio.mp3]
[www.tarjetas.cool/modelos/cumple/toy_story/img/cinta.png]
[cdn.jsdelivr.net/npm/bootstrap@5.1.3/dist/js/bootstrap.bundle.min.js]
[www.tarjetas.cool/modelos/cumple/toy_story/js/card3860.js]
[www.tarjetas.cool/modelos/cumple/toy_story/index.html]
[cdn.jsdelivr.net/npm/bootstrap@5.1.3/dist/css/bootstrap.min.css]
[cdn.jsdelivr.net/npm/bootstrap-icons@1.9.1/font/fonts/bootstrap-iconsd862.woff2]
[cdn.jsdelivr.net/npm/bootstrap-icons@1.9.1/font/fonts/bootstrap-iconsd862.woff]
[cdn.jsdelivr.net/npm/bootstrap-icons@1.9.1/font/bootstrap-icons.css]
[www.tarjetas.cool/modelos/cumple/toy_story/fonts/PeaceSansWebfont.ttf]
[m.media-amazon.com/images/I/61a45vIJtpL._AC_SL1500_.jpg]
[www.tarjetas.cool/modelos/cumple/toy_story/css/styles3860.css]
[www.tarjetas.cool/modelos/cumple/toy_story/js/card3860.js]
